<?xml version="1.0" encoding="UTF-8"?>
<robot generator="Robot 3.1.1 (Python 3.7.3 on win32)" generated="20190428 19:25:56.351" rpa="false">
<suite id="s1" name="LiveIntent" source="C:\Users\ballisticabe\eclipse-workspace\LiveIntent">
<suite id="s1-s1" name="Test" source="C:\Users\ballisticabe\eclipse-workspace\LiveIntent\test">
<suite id="s1-s1-s1" name="LiveIntentTest" source="C:\Users\ballisticabe\eclipse-workspace\LiveIntent\test\LiveIntentTest.robot">
<test id="s1-s1-s1-t1" name="LiveIntent">
<kw name="Open Browser" library="SeleniumLibrary">
<doc>Opens a new browser instance to the given ``url``.</doc>
<arguments>
<arg>https://liveintent.com/</arg>
<arg>chrome</arg>
</arguments>
<msg timestamp="20190428 19:25:56.727" level="INFO">Opening browser 'chrome' to base url 'https://liveintent.com/'.</msg>
<status status="PASS" starttime="20190428 19:25:56.727" endtime="20190428 19:26:01.972"></status>
</kw>
<kw name="Set Browser Implicit Wait" library="SeleniumLibrary">
<doc>Sets the implicit wait value used by Selenium.</doc>
<arguments>
<arg>3</arg>
</arguments>
<status status="PASS" starttime="20190428 19:26:01.972" endtime="20190428 19:26:01.974"></status>
</kw>
<kw name="Maximize Browser Window" library="SeleniumLibrary">
<doc>Maximizes current browser window.</doc>
<status status="PASS" starttime="20190428 19:26:01.975" endtime="20190428 19:26:03.203"></status>
</kw>
<kw name="Execute Javascript" library="SeleniumLibrary">
<doc>Executes the given JavaScript code with possible arguments.</doc>
<arguments>
<arg>window.scrollBy(0,200)</arg>
</arguments>
<msg timestamp="20190428 19:26:03.205" level="INFO">Executing JavaScript:
window.scrollBy(0,200)
Without any arguments.</msg>
<status status="PASS" starttime="20190428 19:26:03.204" endtime="20190428 19:26:03.215"></status>
</kw>
<kw name="Page Should Contain Element" library="SeleniumLibrary">
<doc>Verifies that element ``locator`` is found on the current page.</doc>
<arguments>
<arg>${GetStarted}</arg>
</arguments>
<msg timestamp="20190428 19:26:03.237" level="INFO">Current page contains element '//a[text()='Get Started']'.</msg>
<status status="PASS" starttime="20190428 19:26:03.217" endtime="20190428 19:26:03.239"></status>
</kw>
<kw name="Sleep" library="BuiltIn">
<doc>Pauses the test executed for the given time.</doc>
<arguments>
<arg>2</arg>
</arguments>
<msg timestamp="20190428 19:26:05.241" level="INFO">Slept 2 seconds</msg>
<status status="PASS" starttime="20190428 19:26:03.240" endtime="20190428 19:26:05.241"></status>
</kw>
<kw name="Click Element" library="SeleniumLibrary">
<doc>Click element identified by ``locator``.</doc>
<arguments>
<arg>${GetStarted}</arg>
</arguments>
<msg timestamp="20190428 19:26:05.242" level="INFO">Clicking element '//a[text()='Get Started']'.</msg>
<status status="PASS" starttime="20190428 19:26:05.241" endtime="20190428 19:26:06.833"></status>
</kw>
<kw name="Location Should Be" library="SeleniumLibrary">
<doc>Verifies that current URL is exactly ``url``.</doc>
<arguments>
<arg>${url}</arg>
</arguments>
<msg timestamp="20190428 19:26:06.844" level="INFO">Current location is 'https://liveintent.com/free-evaluation/'.</msg>
<status status="PASS" starttime="20190428 19:26:06.834" endtime="20190428 19:26:06.844"></status>
</kw>
<kw name="Sleep" library="BuiltIn">
<doc>Pauses the test executed for the given time.</doc>
<arguments>
<arg>2</arg>
</arguments>
<msg timestamp="20190428 19:26:08.847" level="INFO">Slept 2 seconds</msg>
<status status="PASS" starttime="20190428 19:26:06.845" endtime="20190428 19:26:08.847"></status>
</kw>
<kw name="Page Should Contain Element" library="SeleniumLibrary">
<doc>Verifies that element ``locator`` is found on the current page.</doc>
<arguments>
<arg>${ContactUs}</arg>
</arguments>
<msg timestamp="20190428 19:26:08.862" level="INFO">Current page contains element '//a[@class='header-cta']'.</msg>
<status status="PASS" starttime="20190428 19:26:08.847" endtime="20190428 19:26:08.862"></status>
</kw>
<kw name="Close Browser" library="SeleniumLibrary">
<doc>Closes the current browser.</doc>
<status status="PASS" starttime="20190428 19:26:08.862" endtime="20190428 19:26:11.064"></status>
</kw>
<status status="PASS" starttime="20190428 19:25:56.726" endtime="20190428 19:26:11.066" critical="yes"></status>
</test>
<status status="PASS" starttime="20190428 19:25:56.414" endtime="20190428 19:26:11.069"></status>
</suite>
<status status="PASS" starttime="20190428 19:25:56.412" endtime="20190428 19:26:11.077"></status>
</suite>
<status status="PASS" starttime="20190428 19:25:56.390" endtime="20190428 19:26:11.082"></status>
</suite>
<statistics>
<total>
<stat pass="1" fail="0">Critical Tests</stat>
<stat pass="1" fail="0">All Tests</stat>
</total>
<tag>
</tag>
<suite>
<stat pass="1" fail="0" id="s1" name="LiveIntent">LiveIntent</stat>
<stat pass="1" fail="0" id="s1-s1" name="Test">LiveIntent.Test</stat>
<stat pass="1" fail="0" id="s1-s1-s1" name="LiveIntentTest">LiveIntent.Test.LiveIntentTest</stat>
</suite>
</statistics>
<errors>
</errors>
</robot>
